\BOOKMARK [1][-]{section.1}{\376\377\212\262\230\114\0001\377\032\165\253\165\305\060\156\170\272\163\207\166\204\060\152\117\035\147\323\060\342\060\307\060\353}{}% 1
\BOOKMARK [2][-]{subsection.1.1}{\376\377\123\237\164\006\060\150\145\271\154\325}{section.1}% 2
\BOOKMARK [2][-]{subsection.1.2}{\376\377\133\237\210\305\116\012\060\156\135\345\131\053}{section.1}% 3
\BOOKMARK [2][-]{subsection.1.3}{\376\377\134\017\125\117\0001}{section.1}% 4
\BOOKMARK [2][-]{subsection.1.4}{\376\377\134\017\125\117\0002}{section.1}% 5
\BOOKMARK [1][-]{section.2}{\376\377\212\262\230\114\0002\377\032\060\342\060\363\060\306\060\253\060\353\060\355\154\325\060\153\060\210\060\213\121\206\124\150\163\207\143\250\133\232}{}% 6
\BOOKMARK [2][-]{subsection.2.1}{\376\377\123\237\164\006\060\150\145\271\154\325}{section.2}% 7
\BOOKMARK [2][-]{subsection.2.2}{\376\377\133\237\210\305\116\012\060\156\135\345\131\053}{section.2}% 8
\BOOKMARK [2][-]{subsection.2.3}{\376\377\175\120\147\234}{section.2}% 9
\BOOKMARK [1][-]{section.3}{\376\377\212\262\230\114\0003\377\032\161\261\060\210\060\117\154\325\060\150\060\341\060\310\060\355\060\335\060\352\060\271\154\325\060\156\060\144\060\212\124\010\060\104\147\141\116\366\060\156\212\074\146\016}{}% 10
\BOOKMARK [2][-]{subsection.3.1}{\376\377\0001\000.\000\040\060\341\060\310\060\355\060\335\060\352\060\271\154\325\060\114\212\163\175\060\060\144\060\212\124\010\060\104\147\141\116\366\060\222\156\200\060\137\060\131\060\123\060\150\060\156\212\074\146\016}{section.3}% 11
\BOOKMARK [2][-]{subsection.3.2}{\376\377\0002\000.\000\040\161\261\155\164\154\325\060\114\212\163\175\060\060\144\060\212\124\010\060\104\147\141\116\366\060\222\156\200\060\137\060\131\060\123\060\150\060\156\212\074\146\016}{section.3}% 12
\BOOKMARK [2][-]{subsection.3.3}{\376\377\0003\000.\000\040\212\163\175\060\060\144\060\212\124\010\060\104\147\141\116\366\000\040\000\050\0005\000.\0001\0009\000\051\000\040\060\113\060\211\060\144\060\212\124\010\060\104\147\141\116\366\000\040\000\050\0005\000.\0001\0007\000\051\000\040\060\114\137\223\060\106\060\123\060\150\060\156\212\074\146\016}{section.3}% 13
\BOOKMARK [1][-]{section.4}{\376\377\212\262\230\114\0004\377\032\161\261\060\210\060\117\154\325\060\153\060\210\060\213\060\244\060\270\060\363\060\260\060\342\060\307\060\353\060\156\060\267\060\337\060\345\060\354\060\374\060\267\060\347\060\363}{}% 14
\BOOKMARK [2][-]{subsection.4.1}{\376\377\123\237\164\006\060\150\145\271\154\325}{section.4}% 15
\BOOKMARK [2][-]{subsection.4.2}{\376\377\133\237\210\305\116\012\060\156\135\345\131\053}{section.4}% 16
\BOOKMARK [2][-]{subsection.4.3}{\376\377\060\341\060\310\060\355\060\335\060\352\060\271\154\325\060\001\161\261\155\164\154\325\060\153\060\210\060\213\060\244\060\270\060\363\060\260\060\342\060\307\060\353\060\156\060\267\060\337\060\345\060\354\060\374\060\267\060\347\060\363\377\010\134\017\125\117\0002\377\011}{section.4}% 17
\BOOKMARK [2][-]{subsection.4.4}{\376\377\170\301\123\026\060\156\147\037\137\205\120\044\060\150\174\373\060\265\060\244\060\272\060\373\156\051\136\246\117\235\133\130\140\047\377\010\134\017\125\117\0003\377\011}{section.4}% 18
\BOOKMARK [1][-]{appendix.A}{\376\377\060\275\060\374\060\271\060\263\060\374\060\311}{}% 19
\BOOKMARK [2][-]{subsection.A.1}{\376\377\212\262\230\114\0001\060\156\060\263\060\374\060\311}{appendix.A}% 20
\BOOKMARK [2][-]{subsection.A.2}{\376\377\212\262\230\114\0002\060\156\060\263\060\374\060\311}{appendix.A}% 21
\BOOKMARK [2][-]{subsection.A.3}{\376\377\212\262\230\114\0004\060\156\060\263\060\374\060\311}{appendix.A}% 22
