\BOOKMARK [1][-]{section.1}{\376\377\060\157\060\130\060\201\060\153}{}% 1
\BOOKMARK [1][-]{section.2}{\376\377\212\262\230\114\0001\060\000\216\253\060\156\126\336\060\212\060\156\163\376\214\141\060\156\133\232\137\017\123\026}{}% 2
\BOOKMARK [2][-]{subsection.2.1}{\376\377\163\376\214\141\060\156\212\254\146\016}{section.2}% 3
\BOOKMARK [2][-]{subsection.2.2}{\376\377\060\342\060\307\060\353\123\026\060\156\060\137\060\201\060\156\116\356\133\232}{section.2}% 4
\BOOKMARK [2][-]{subsection.2.3}{\376\377\136\070\137\256\122\006\145\271\172\013\137\017\060\156\122\035\147\037\120\044\125\117\230\114}{section.2}% 5
\BOOKMARK [2][-]{subsection.2.4}{\376\377\211\343\147\220\211\343}{section.2}% 6
\BOOKMARK [2][-]{subsection.2.5}{\376\377\060\321\060\351\060\341\060\374\060\277\000\040\000\040\060\156\211\343\221\310\060\150\200\003\133\337}{section.2}% 7
\BOOKMARK [1][-]{section.3}{\376\377\212\262\230\114\0002\000\040\0004\153\041\060\156\060\242\060\300\060\340\060\271\060\373\060\320\060\303\060\267\060\345\060\325\060\251\060\374\060\271\154\325\060\150\060\242\060\300\060\340\060\271\060\373\060\340\060\353\060\310\060\363\154\325\060\156\134\016\121\372}{}% 8
\BOOKMARK [2][-]{subsection.3.1}{\376\377\0004\153\041\060\242\060\300\060\340\060\271\060\373\060\320\060\303\060\267\060\345\060\325\060\251\060\374\060\271\154\325\060\156\134\016\121\372}{section.3}% 9
\BOOKMARK [2][-]{subsection.3.2}{\376\377\0004\153\041\060\242\060\300\060\340\060\271\060\373\060\340\060\353\060\310\060\363\154\325\060\156\134\016\121\372}{section.3}% 10
\BOOKMARK [2][-]{subsection.3.3}{\376\377\0004\153\041\116\210\156\054\133\120\060\373\117\356\153\143\133\120\154\325}{section.3}% 11
\BOOKMARK [1][-]{section.4}{\376\377\212\262\230\114\0003\000\040\143\007\145\160\225\242\145\160\060\156\137\256\122\006\145\271\172\013\137\017\060\156\145\160\120\044\211\343\154\325}{}% 12
\BOOKMARK [2][-]{subsection.4.1}{\376\377\123\237\164\006\060\373\145\271\154\325}{section.4}% 13
\BOOKMARK [2][-]{subsection.4.2}{\376\377\175\120\147\234}{section.4}% 14
\BOOKMARK [2][-]{subsection.4.3}{\376\377\200\003\133\337}{section.4}% 15
\BOOKMARK [1][-]{section.5}{\376\377\212\262\230\114\0004\000\040\124\004\142\113\154\325\060\156\133\211\133\232\140\047\060\150\133\211\133\232\140\047\060\152\230\030\127\337\060\156\170\272\212\215}{}% 16
\BOOKMARK [1][-]{section.6}{\376\377\212\262\230\114\0004}{}% 17
\BOOKMARK [2][-]{subsection.6.1}{\376\377\123\237\164\006\060\373\145\271\154\325}{section.6}% 18
\BOOKMARK [2][-]{subsection.6.2}{\376\377\211\343\147\220\166\204\175\120\147\234\060\156\060\176\060\150\060\201}{section.6}% 19
\BOOKMARK [2][-]{subsection.6.3}{\376\377\175\120\147\234}{section.6}% 20
\BOOKMARK [2][-]{subsection.6.4}{\376\377\200\003\133\337}{section.6}% 21
\BOOKMARK [1][-]{section.7}{\376\377\212\262\230\114\0005\060\000\116\015\133\211\133\232\140\047\060\156\170\272\212\215}{}% 22
\BOOKMARK [1][-]{section.8}{\376\377\212\262\230\114\0005}{}% 23
\BOOKMARK [2][-]{subsection.8.1}{\376\377\125\117\230\114\212\055\133\232}{section.8}% 24
\BOOKMARK [2][-]{subsection.8.2}{\376\377\135\356\122\006\060\271\060\255\060\374\060\340\060\156\137\142}{section.8}% 25
\BOOKMARK [2][-]{subsection.8.3}{\376\377\162\171\140\047\145\271\172\013\137\017\060\153\060\210\060\213\133\211\133\232\140\047\211\343\147\220}{section.8}% 26
\BOOKMARK [2][-]{subsection.8.4}{\376\377\060\176\060\150\060\201}{section.8}% 27
\BOOKMARK [2][-]{subsection.8.5}{\376\377\145\160\120\044\211\343\147\220\060\153\060\210\060\213\175\120\147\234}{section.8}% 28
\BOOKMARK [1][-]{section.9}{\376\377\175\120\212\326}{}% 29
\BOOKMARK [1][-]{appendix.A}{\376\377\117\177\165\050\060\263\060\374\060\311\116\000\211\247}{}% 30
