\BOOKMARK [1][-]{section.1}{\376\377\212\262\230\114\0001\377\032\147\000\167\355\123\130\175\024\215\357\060\222\154\102\060\201\060\213\122\006\147\235\060\242\060\353\060\264\060\352\060\272\060\340\060\156\212\055\212\010}{}% 1
\BOOKMARK [2][-]{subsection.1.1}{\376\377\212\262\230\114\060\156\151\202\211\201}{section.1}% 2
\BOOKMARK [2][-]{subsection.1.2}{\376\377\060\242\060\353\060\264\060\352\060\272\060\340\212\055\212\010\377\010\122\006\147\235\060\156\200\003\060\110\145\271\377\011}{section.1}% 3
\BOOKMARK [2][-]{subsection.1.3}{\376\377\144\354\117\074\060\263\060\374\060\311}{section.1}% 4
\BOOKMARK [1][-]{section.2}{\376\377\212\262\230\114\0002\377\032\060\242\060\353\060\264\060\352\060\272\060\340\060\156\133\237\210\305\060\150\133\237\210\114\146\102\225\223\060\156\156\054\133\232}{}% 5
\BOOKMARK [2][-]{subsection.2.1}{\376\377\133\237\210\305}{section.2}% 6
\BOOKMARK [2][-]{subsection.2.2}{\376\377\175\120\147\234}{section.2}% 7
\BOOKMARK [2][-]{subsection.2.3}{\376\377\200\003\133\337}{section.2}% 8
\BOOKMARK [1][-]{section.3}{\376\377\212\262\230\114\0003\377\032\226\120\133\232\144\315\117\134\060\156\212\055\212\010\060\150\060\242\060\353\060\264\060\352\060\272\060\340\060\170\060\156\175\104\217\274\060\177}{}% 9
\BOOKMARK [2][-]{subsection.3.1}{\376\377\226\120\133\232\144\315\117\134\060\156\145\271\221\335}{section.3}% 10
\BOOKMARK [2][-]{subsection.3.2}{\376\377\116\013\165\114\377\010\000L\000B\377\011\060\156\133\232\177\251\377\032\116\213\122\115\212\010\173\227\060\153\060\210\060\213\137\061\060\104\116\013\165\114\377\010\217\272\145\160\122\066\226\120\116\330\060\115\377\011}{section.3}% 11
\BOOKMARK [2][-]{subsection.3.3}{\376\377\116\013\165\114\120\044\060\306\060\271\060\310\060\156\131\245\137\123\140\047}{section.3}% 12
\BOOKMARK [2][-]{subsection.3.4}{\376\377\144\354\117\074\060\263\060\374\060\311}{section.3}% 13
\BOOKMARK [1][-]{section.4}{\376\377\212\262\230\114\0004\377\032\226\120\133\232\144\315\117\134\116\330\060\115\060\242\060\353\060\264\060\352\060\272\060\340\060\156\133\237\210\305\060\150\133\237\210\114\146\102\225\223\060\156\153\324\217\003}{}% 14
\BOOKMARK [2][-]{subsection.4.1}{\376\377\133\237\210\305}{section.4}% 15
\BOOKMARK [2][-]{subsection.4.2}{\376\377\175\120\147\234}{section.4}% 16
\BOOKMARK [2][-]{subsection.4.3}{\376\377\200\003\133\337}{section.4}% 17
\BOOKMARK [1][-]{appendix.A}{\376\377\060\275\060\374\060\271\060\263\060\374\060\311}{}% 18
\BOOKMARK [2][-]{subsection.A.1}{\376\377\212\262\230\114\0002\060\156\133\237\210\305\060\263\060\374\060\311}{appendix.A}% 19
\BOOKMARK [2][-]{subsection.A.2}{\376\377\212\262\230\114\0004\060\156\133\237\210\305\060\263\060\374\060\311}{appendix.A}% 20
