\BOOKMARK [1][-]{section.1}{\376\377\060\157\060\130\060\201\060\153}{}% 1
\BOOKMARK [1][-]{section.2}{\376\377\212\262\230\114\0001\377\032\060\254\060\246\060\271\060\156\155\210\123\273\154\325\060\153\060\210\060\213\220\043\172\313\116\000\153\041\145\271\172\013\137\017\060\156\211\343\154\325}{}% 2
\BOOKMARK [2][-]{subsection.2.1}{\376\377\123\237\164\006\060\373\145\271\154\325}{section.2}% 3
\BOOKMARK [2][-]{subsection.2.2}{\376\377\133\237\232\023\145\271\154\325}{section.2}% 4
\BOOKMARK [2][-]{subsection.2.3}{\376\377\175\120\147\234\000\050\134\017\125\117\0001\000\051}{section.2}% 5
\BOOKMARK [2][-]{subsection.2.4}{\376\377\200\003\133\337\000\050\134\017\125\117\0002\000,\0003\000\051}{section.2}% 6
\BOOKMARK [1][-]{section.3}{\376\377\212\262\230\114\0002\377\032\000L\000U\122\006\211\343}{}% 7
\BOOKMARK [2][-]{subsection.3.1}{\376\377\123\237\164\006\060\373\145\271\154\325}{section.3}% 8
\BOOKMARK [2][-]{subsection.3.2}{\376\377\133\237\232\023\145\271\154\325}{section.3}% 9
\BOOKMARK [2][-]{subsection.3.3}{\376\377\175\120\147\234\000\050\134\017\125\117\0001\000\051}{section.3}% 10
\BOOKMARK [2][-]{subsection.3.4}{\376\377\200\003\133\337\000\050\134\017\125\117\0002\000,\0003\000\051}{section.3}% 11
\BOOKMARK [1][-]{section.4}{\376\377\212\262\230\114\0003\377\032\060\254\060\246\060\271\060\156\155\210\123\273\154\325\060\150\000L\000U\122\006\211\343\060\153\060\210\060\213\211\343\154\325\060\156\153\324\217\003}{}% 12
\BOOKMARK [2][-]{subsection.4.1}{\376\377\175\120\147\234}{section.4}% 13
\BOOKMARK [2][-]{subsection.4.2}{\376\377\200\003\133\337}{section.4}% 14
\BOOKMARK [1][-]{section.5}{\376\377\212\262\230\114\0004\377\032\060\171\060\115\116\127\154\325}{}% 15
\BOOKMARK [2][-]{subsection.5.1}{\376\377\123\237\164\006\060\373\145\271\154\325}{section.5}% 16
\BOOKMARK [2][-]{subsection.5.2}{\376\377\133\237\232\023\145\271\154\325}{section.5}% 17
\BOOKMARK [2][-]{subsection.5.3}{\376\377\175\120\147\234}{section.5}% 18
\BOOKMARK [2][-]{subsection.5.4}{\376\377\200\003\133\337}{section.5}% 19
\BOOKMARK [1][-]{section.6}{\376\377\212\262\230\114\0005\377\032\220\006\123\315\137\251\154\325\060\150\060\171\060\115\116\127\154\325\060\222\165\050\060\104\060\137\126\372\147\011\120\044\125\117\230\114\060\156\232\330\220\037\123\026}{}% 20
\BOOKMARK [2][-]{subsection.6.1}{\376\377\123\237\164\006\060\373\145\271\154\325}{section.6}% 21
\BOOKMARK [2][-]{subsection.6.2}{\376\377\133\237\232\023\145\271\154\325}{section.6}% 22
\BOOKMARK [2][-]{subsection.6.3}{\376\377\175\120\147\234}{section.6}% 23
\BOOKMARK [2][-]{subsection.6.4}{\376\377\200\003\133\337}{section.6}% 24
\BOOKMARK [1][-]{section.7}{\376\377\212\262\230\114\0006\377\032\000Q\000R\122\006\211\343\060\150\000Q\000R\154\325\060\153\060\210\060\213\126\372\147\011\120\044\125\117\230\114\060\156\211\343\154\325}{}% 25
\BOOKMARK [2][-]{subsection.7.1}{\376\377\123\237\164\006\060\373\145\271\154\325}{section.7}% 26
\BOOKMARK [2][-]{subsection.7.2}{\376\377\133\237\232\023\145\271\154\325}{section.7}% 27
\BOOKMARK [2][-]{subsection.7.3}{\376\377\175\120\147\234}{section.7}% 28
\BOOKMARK [2][-]{subsection.7.4}{\376\377\200\003\133\337}{section.7}% 29
\BOOKMARK [1][-]{section.8}{\376\377\212\262\230\114\0007\377\032\000Q\000R\154\325}{}% 30
\BOOKMARK [2][-]{subsection.8.1}{\376\377\123\237\164\006\060\373\145\271\154\325}{section.8}% 31
\BOOKMARK [2][-]{subsection.8.2}{\376\377\133\237\232\023\145\271\154\325}{section.8}% 32
\BOOKMARK [2][-]{subsection.8.3}{\376\377\175\120\147\234}{section.8}% 33
\BOOKMARK [2][-]{subsection.8.4}{\376\377\200\003\133\337}{section.8}% 34
\BOOKMARK [1][-]{section.9}{\376\377\175\120\212\326}{}% 35
