\BOOKMARK [1][-]{section.1}{\376\377\212\262\230\114\0001\0005\377\032\060\313\060\345\060\374\060\310\060\363\154\325\060\112\060\210\060\163\116\214\122\006\154\325\060\153\060\210\060\213\131\032\230\005\137\017\060\156\226\366\160\271\212\010\173\227}{}% 1
\BOOKMARK [2][-]{subsection.1.1}{\376\377\123\237\164\006\060\150\145\271\154\325}{section.1}% 2
\BOOKMARK [2][-]{subsection.1.2}{\376\377\133\237\232\023\145\271\154\325}{section.1}% 3
\BOOKMARK [2][-]{subsection.1.3}{\376\377\175\120\147\234}{section.1}% 4
\BOOKMARK [2][-]{subsection.1.4}{\376\377\200\003\133\337}{section.1}% 5
\BOOKMARK [1][-]{section.2}{\376\377\212\262\230\114\0001\0006\377\032\147\000\140\045\226\115\116\013\154\325\060\112\060\210\060\163\060\313\060\345\060\374\060\310\060\363\154\325\060\153\060\210\060\213\120\134\165\131\160\271\212\010\173\227}{}% 6
\BOOKMARK [2][-]{subsection.2.1}{\376\377\123\237\164\006\060\150\145\271\154\325}{section.2}% 7
\BOOKMARK [2][-]{subsection.2.2}{\376\377\133\237\210\305}{section.2}% 8
\BOOKMARK [2][-]{subsection.2.3}{\376\377\175\120\147\234}{section.2}% 9
\BOOKMARK [2][-]{subsection.2.4}{\376\377\200\003\133\337}{section.2}% 10
\BOOKMARK [1][-]{section.3}{\376\377\212\262\230\114\0001\0007\377\032\122\376\221\115\060\112\060\210\060\163\060\330\060\303\060\273\210\114\122\027\060\156\211\343\147\220\166\204\134\016\121\372\060\150\133\237\210\305\060\150\060\156\133\376\137\334}{}% 11
\BOOKMARK [2][-]{subsection.3.1}{\376\377\137\256\122\006\175\120\147\234}{section.3}% 12
\BOOKMARK [2][-]{subsection.3.2}{\376\377\060\263\060\374\060\311\060\150\060\156\133\376\137\334}{section.3}% 13
\BOOKMARK [1][-]{section.4}{\376\377\212\262\230\114\0001\0008\377\032\147\000\140\045\226\115\116\013\154\325\060\112\060\210\060\163\060\313\060\345\060\374\060\310\060\363\154\325\060\153\060\210\060\213\0002\131\011\145\160\225\242\145\160\060\156\147\000\134\017\123\026}{}% 14
\BOOKMARK [2][-]{subsection.4.1}{\376\377\123\237\164\006\060\150\145\271\154\325}{section.4}% 15
\BOOKMARK [2][-]{subsection.4.2}{\376\377\133\237\232\023\145\271\154\325}{section.4}% 16
\BOOKMARK [2][-]{subsection.4.3}{\376\377\175\120\147\234}{section.4}% 17
\BOOKMARK [2][-]{subsection.4.4}{\376\377\200\003\133\337}{section.4}% 18
\BOOKMARK [1][-]{section.5}{\376\377\212\262\230\114\0001\0009\377\032\175\317\124\010\157\024\177\322}{}% 19
\BOOKMARK [2][-]{subsection.5.1}{\376\377\123\237\164\006\060\150\145\271\154\325}{section.5}% 20
\BOOKMARK [2][-]{subsection.5.2}{\376\377\133\237\232\023\145\271\154\325}{section.5}% 21
\BOOKMARK [2][-]{subsection.5.3}{\376\377\175\120\147\234}{section.5}% 22
\BOOKMARK [2][-]{subsection.5.4}{\376\377\200\003\133\337}{section.5}% 23
\BOOKMARK [2][-]{subsection.5.5}{\376\377\212\262\230\114\0001}{section.5}% 24
\BOOKMARK [2][-]{subsection.5.6}{\376\377\212\262\230\114\0002}{section.5}% 25
\BOOKMARK [2][-]{subsection.5.7}{\376\377\212\262\230\114\0003}{section.5}% 26
\BOOKMARK [1][-]{appendix.A}{\376\377\060\275\060\374\060\271\060\263\060\374\060\311}{}% 27
\BOOKMARK [2][-]{subsection.A.1}{\376\377\212\262\230\114\0001\0005\060\156\060\263\060\374\060\311}{appendix.A}% 28
\BOOKMARK [2][-]{subsection.A.2}{\376\377\212\262\230\114\0001\0006\060\156\060\263\060\374\060\311}{appendix.A}% 29
\BOOKMARK [2][-]{subsection.A.3}{\376\377\212\262\230\114\0001\0007\060\156\060\263\060\374\060\311}{appendix.A}% 30
\BOOKMARK [2][-]{subsection.A.4}{\376\377\212\262\230\114\0001\0008\060\156\060\263\060\374\060\311}{appendix.A}% 31
