\BOOKMARK [1][-]{section.1}{\376\377\060\157\060\130\060\201\060\153}{}% 1
\BOOKMARK [1][-]{section.2}{\376\377\147\000\134\017\116\214\116\127\154\325\060\150\060\135\060\156\212\125\117\241\145\271\154\325}{}% 2
\BOOKMARK [2][-]{subsection.2.1}{\376\377\123\237\164\006\060\373\145\271\154\325}{section.2}% 3
\BOOKMARK [2][-]{subsection.2.2}{\376\377\212\262\230\114\0001\377\010\221\315\126\336\136\060\377\011}{section.2}% 4
\BOOKMARK [2][-]{subsection.2.3}{\376\377\212\262\230\114\0002\377\010\131\032\230\005\137\017\126\336\136\060\377\011}{section.2}% 5
\BOOKMARK [2][-]{subsection.2.4}{\376\377\212\262\230\114\0003\377\010\122\006\145\143\060\156\211\263\156\054\212\244\135\356\377\032\000C\000a\000u\000c\000h\000y\377\011}{section.2}% 6
\BOOKMARK [2][-]{subsection.2.5}{\376\377\212\262\230\114\0004\377\010\121\145\122\233\127\337\060\156\122\066\175\004\060\150\212\055\212\010\377\011}{section.2}% 7
\BOOKMARK [1][-]{section.3}{\376\377\221\315\060\177\116\330\060\115\147\000\134\017\116\214\116\127\154\325}{}% 8
\BOOKMARK [2][-]{subsection.3.1}{\376\377\123\237\164\006\060\150\145\271\154\325}{section.3}% 9
\BOOKMARK [2][-]{subsection.3.2}{\376\377\212\262\230\114\0005\377\010\0002\153\041\121\103\121\372\122\233\377\032\221\315\060\177\116\330\060\115\147\000\134\017\116\214\116\127\154\325\377\011}{section.3}% 10
\BOOKMARK [2][-]{subsection.3.3}{\376\377\212\262\230\114\0006\377\010\0002\153\041\121\103\121\372\122\233\060\373\165\160\122\006\145\143\0002\177\244\060\153\133\376\060\131\060\213\221\315\060\177\116\330\060\115\147\000\134\017\116\214\116\127\377\011}{section.3}% 11
\BOOKMARK [1][-]{section.4}{\376\377\143\250\133\232\120\044\060\156\124\010\142\020\060\150\220\020\153\041\147\000\134\017\116\214\116\127\154\325\060\156\123\237\164\006\060\150\145\271\154\325}{}% 12
\BOOKMARK [2][-]{subsection.4.1}{\376\377\143\250\133\232\120\044\060\156\124\010\142\020\377\010\000E\000s\000t\000i\000m\000a\000t\000o\000r\000\040\000F\000u\000s\000i\000o\000n\377\011}{section.4}% 13
\BOOKMARK [2][-]{subsection.4.2}{\376\377\220\020\153\041\147\000\134\017\116\214\116\127\154\325\377\010\000R\000L\000S\377\011}{section.4}% 14
\BOOKMARK [2][-]{subsection.4.3}{\376\377\212\262\230\114\0007\377\010\143\250\133\232\120\044\060\156\124\010\142\020\060\156\151\034\212\074\377\032\0002\122\006\122\162\060\307\060\374\060\277\060\156\175\161\124\010\377\011}{section.4}% 15
\BOOKMARK [2][-]{subsection.4.4}{\376\377\212\262\230\114\0007\377\010\143\250\133\232\120\044\060\156\124\010\142\020\060\156\151\034\212\074\377\032\227\136\175\332\137\142\127\372\136\225\060\373\122\006\122\162\060\307\060\374\060\277\377\011}{section.4}% 16
\BOOKMARK [2][-]{subsection.4.5}{\376\377\212\262\230\114\0009\377\010\220\020\153\041\147\000\134\017\116\214\116\127\154\325\060\153\060\210\060\213\060\267\060\271\060\306\060\340\124\014\133\232\377\011}{section.4}% 17
\BOOKMARK [2][-]{subsection.4.6}{\376\377\212\262\230\114\0001\0000\377\010\227\136\133\232\136\070\146\102\174\373\122\027\060\156\217\375\137\223\377\032\137\330\123\164\117\302\145\160\116\330\060\115\000R\000L\000S\377\011}{section.4}% 18
\BOOKMARK [1][-]{section.5}{\376\377\060\253\060\353\060\336\060\363\060\325\060\243\060\353\060\277\060\001\060\253\060\353\060\336\060\363\060\271\060\340\060\374\060\265\060\374}{}% 19
\BOOKMARK [2][-]{subsection.5.1}{\376\377\123\237\164\006\060\150\145\271\154\325}{section.5}% 20
\BOOKMARK [2][-]{subsection.5.2}{\376\377\212\262\230\114\0001\0001\377\010\060\253\060\353\060\336\060\363\060\325\060\243\060\353\060\277\377\032\060\325\060\251\060\357\060\374\060\311\377\011}{section.5}% 21
\BOOKMARK [2][-]{subsection.5.3}{\376\377\212\262\230\114\0001\0002\377\010\060\253\060\353\060\336\060\363\060\271\060\340\060\374\060\266\060\374\377\011}{section.5}% 22
\BOOKMARK [1][-]{section.6}{\376\377\060\242\060\353\060\264\060\352\060\272\060\340\153\324\217\003}{}% 23
\BOOKMARK [1][-]{section.7}{\376\377\175\120\212\326}{}% 24
\BOOKMARK [1][-]{appendix.A}{\376\377\117\177\165\050\060\263\060\374\060\311\116\000\211\247}{}% 25
\BOOKMARK [1][-]{appendix.B}{\376\377\210\334\215\263\134\016\121\372}{}% 26
